#
# There is insufficient memory for the Java Runtime Environment to continue.
# Native memory allocation (malloc) failed to allocate 32784 bytes for Chunk::new
# Possible reasons:
#   The system is out of physical RAM or swap space
#   In 32 bit mode, the process size limit was hit
# Possible solutions:
#   Reduce memory load on the system
#   Increase physical memory or swap space
#   Check if swap backing store is full
#   Use 64 bit Java on a 64 bit OS
#   Decrease Java heap size (-Xmx/-Xms)
#   Decrease number of Java threads
#   Decrease Java thread stack sizes (-Xss)
#   Set larger code cache with -XX:ReservedCodeCacheSize=
# This output file may be truncated or incomplete.
#
#  Out of Memory Error (allocation.cpp:390), pid=7072, tid=0x0000000000001728
#
# JRE version: Java(TM) SE Runtime Environment (8.0_144-b01) (build 1.8.0_144-b01)
# Java VM: Java HotSpot(TM) 64-Bit Server VM (25.144-b01 mixed mode windows-amd64 compressed oops)
# Failed to write core dump. Minidumps are not enabled by default on client versions of Windows
#

---------------  T H R E A D  ---------------

Current thread (0x000000001791a800):  JavaThread "C2 CompilerThread0" daemon [_thread_in_native, id=5928, stack(0x0000000018930000,0x0000000018a30000)]

Stack: [0x0000000018930000,0x0000000018a30000]
[error occurred during error reporting (printing stack bounds), id 0xc0000005]

Native frames: (J=compiled Java code, j=interpreted, Vv=VM code, C=native code)


Current CompileTask:
C2:  58901 4195   !   4       javafx.scene.CssStyleHelper::transitionToState (1075 bytes)


---------------  P R O C E S S  ---------------

Java Threads: ( => current thread )
  0x000000001b816000 JavaThread "Prism Font Disposer" daemon [_thread_blocked, id=5400, stack(0x000000001dae0000,0x000000001dbe0000)]
  0x00000000190ea800 JavaThread "Thread-3" daemon [_thread_in_native, id=5720, stack(0x000000001be50000,0x000000001bf50000)]
  0x00000000190e5800 JavaThread "JavaFX-Launcher" [_thread_blocked, id=1928, stack(0x000000001bf50000,0x000000001c050000)]
  0x0000000019070000 JavaThread "JavaFX Application Thread" [_thread_blocked, id=5088, stack(0x00000000197a0000,0x00000000198a0000)]
  0x000000001906e800 JavaThread "Thread-1" daemon [_thread_blocked, id=5580, stack(0x00000000196a0000,0x00000000197a0000)]
  0x0000000019052000 JavaThread "QuantumRenderer-0" daemon [_thread_in_native, id=260, stack(0x0000000019130000,0x0000000019230000)]
  0x0000000017976800 JavaThread "Service Thread" daemon [_thread_blocked, id=6096, stack(0x0000000018b30000,0x0000000018c30000)]
  0x000000001791c800 JavaThread "C1 CompilerThread1" daemon [_thread_blocked, id=6764, stack(0x0000000018a30000,0x0000000018b30000)]
=>0x000000001791a800 JavaThread "C2 CompilerThread0" daemon [_thread_in_native, id=5928, stack(0x0000000018930000,0x0000000018a30000)]
  0x0000000017919000 JavaThread "Attach Listener" daemon [_thread_blocked, id=6272, stack(0x0000000018830000,0x0000000018930000)]
  0x0000000017915800 JavaThread "Signal Dispatcher" daemon [_thread_blocked, id=5116, stack(0x0000000018730000,0x0000000018830000)]
  0x0000000002f87000 JavaThread "Finalizer" daemon [_thread_blocked, id=6928, stack(0x0000000018550000,0x0000000018650000)]
  0x00000000178e7000 JavaThread "Reference Handler" daemon [_thread_blocked, id=6904, stack(0x0000000018450000,0x0000000018550000)]
  0x0000000002e90800 JavaThread "main" [_thread_blocked, id=700, stack(0x0000000002cc0000,0x0000000002dc0000)]

Other Threads:
  0x00000000178e5800 VMThread [stack: 0x0000000018350000,0x0000000018450000] [id=1288]
  0x0000000017980800 WatcherThread [stack: 0x0000000018c30000,0x0000000018d30000] [id=5560]

VM state:not at safepoint (normal execution)

VM Mutex/Monitor currently owned by a thread: None

Heap:
 PSYoungGen      total 38400K, used 38371K [0x00000000d5800000, 0x00000000d8280000, 0x0000000100000000)
  eden space 33280K, 100% used [0x00000000d5800000,0x00000000d7880000,0x00000000d7880000)
  from space 5120K, 99% used [0x00000000d7880000,0x00000000d7d78c30,0x00000000d7d80000)
  to   space 5120K, 0% used [0x00000000d7d80000,0x00000000d7d80000,0x00000000d8280000)
 ParOldGen       total 87552K, used 212K [0x0000000080800000, 0x0000000085d80000, 0x00000000d5800000)
  object space 87552K, 0% used [0x0000000080800000,0x0000000080835278,0x0000000085d80000)
 Metaspace       used 19119K, capacity 19988K, committed 20224K, reserved 1067008K
  class space    used 2531K, capacity 2754K, committed 2816K, reserved 1048576K

Card table byte_map: [0x0000000012350000,0x0000000012750000] byte_map_base: 0x0000000011f4c000

Marking Bits: (ParMarkBitMap*) 0x000000005137d850
 Begin Bits: [0x0000000012c00000, 0x0000000014be0000)
 End Bits:   [0x0000000014be0000, 0x0000000016bc0000)

Polling page: 0x0000000002dc0000

CodeCache: size=245760Kb used=13031Kb max_used=13550Kb free=232728Kb
 bounds [0x0000000002f90000, 0x0000000003ce0000, 0x0000000011f90000]
 total_blobs=4649 nmethods=4005 adapters=557
 compilation: enabled

Compilation events (10 events):
Event: 58.643 Thread 0x000000001791c800 4198   !   3       java.util.Formatter::format (271 bytes)
Event: 58.645 Thread 0x000000001791c800 nmethod 4198 0x00000000030adc50 code [0x00000000030adf00, 0x00000000030aefe8]
Event: 58.646 Thread 0x000000001791c800 4199       3       com.sun.javafx.text.PrismTextLayout::setBoundsType (46 bytes)
Event: 58.647 Thread 0x000000001791c800 nmethod 4199 0x000000000338c850 code [0x000000000338c9c0, 0x000000000338cc48]
Event: 58.670 Thread 0x000000001791c800 4202       3       com.sun.javafx.font.PrismCompositeFontResource::getStrike (117 bytes)
Event: 58.672 Thread 0x000000001791c800 nmethod 4202 0x000000000312a450 code [0x000000000312a680, 0x000000000312b3a8]
Event: 58.672 Thread 0x000000001791c800 4200       3       java.lang.Double::equals (34 bytes)
Event: 58.673 Thread 0x000000001791c800 nmethod 4200 0x0000000003111950 code [0x0000000003111ae0, 0x00000000031120f0]
Event: 58.673 Thread 0x000000001791c800 4203       1       javafx.scene.Scene::access$2000 (5 bytes)
Event: 58.674 Thread 0x000000001791c800 nmethod 4203 0x00000000030b0290 code [0x00000000030b03e0, 0x00000000030b04d0]

GC Heap History (2 events):
Event: 3.692 GC heap before
{Heap before GC invocations=1 (full 0):
 PSYoungGen      total 38400K, used 33280K [0x00000000d5800000, 0x00000000d8280000, 0x0000000100000000)
  eden space 33280K, 100% used [0x00000000d5800000,0x00000000d7880000,0x00000000d7880000)
  from space 5120K, 0% used [0x00000000d7d80000,0x00000000d7d80000,0x00000000d8280000)
  to   space 5120K, 0% used [0x00000000d7880000,0x00000000d7880000,0x00000000d7d80000)
 ParOldGen       total 87552K, used 0K [0x0000000080800000, 0x0000000085d80000, 0x00000000d5800000)
  object space 87552K, 0% used [0x0000000080800000,0x0000000080800000,0x0000000085d80000)
 Metaspace       used 15641K, capacity 16196K, committed 16512K, reserved 1062912K
  class space    used 2189K, capacity 2368K, committed 2432K, reserved 1048576K
Event: 3.713 GC heap after
Heap after GC invocations=1 (full 0):
 PSYoungGen      total 38400K, used 5091K [0x00000000d5800000, 0x00000000d8280000, 0x0000000100000000)
  eden space 33280K, 0% used [0x00000000d5800000,0x00000000d5800000,0x00000000d7880000)
  from space 5120K, 99% used [0x00000000d7880000,0x00000000d7d78c30,0x00000000d7d80000)
  to   space 5120K, 0% used [0x00000000d7d80000,0x00000000d7d80000,0x00000000d8280000)
 ParOldGen       total 87552K, used 212K [0x0000000080800000, 0x0000000085d80000, 0x00000000d5800000)
  object space 87552K, 0% used [0x0000000080800000,0x0000000080835278,0x0000000085d80000)
 Metaspace       used 15641K, capacity 16196K, committed 16512K, reserved 1062912K
  class space    used 2189K, capacity 2368K, committed 2432K, reserved 1048576K
}

Deoptimization events (10 events):
Event: 42.606 Thread 0x0000000019052000 Uncommon trap: reason=class_check action=maybe_recompile pc=0x00000000038dd4d8 method=com.sun.javafx.font.CompositeStrike.getStrikeSlot(I)Lcom/sun/javafx/font/FontStrike; @ 16
Event: 42.629 Thread 0x0000000019052000 Uncommon trap: reason=unstable_if action=reinterpret pc=0x00000000038c487c method=java.lang.StrictMath.floorOrCeil(DDDD)D @ 14
Event: 42.631 Thread 0x0000000019070000 Uncommon trap: reason=bimorphic action=maybe_recompile pc=0x000000000385a6e8 method=javafx.scene.Node.updateBounds()V @ 10
Event: 42.649 Thread 0x0000000019070000 Uncommon trap: reason=bimorphic action=maybe_recompile pc=0x000000000385a6e8 method=javafx.scene.Node.updateBounds()V @ 10
Event: 51.324 Thread 0x0000000019070000 Uncommon trap: reason=array_check action=maybe_recompile pc=0x0000000003b775c4 method=com.sun.javafx.css.CompoundSelector.applies(Ljavafx/css/Styleable;[Ljava/util/Set;I)Z @ 128
Event: 51.324 Thread 0x0000000019070000 Uncommon trap: reason=array_check action=maybe_recompile pc=0x0000000003b775c4 method=com.sun.javafx.css.CompoundSelector.applies(Ljavafx/css/Styleable;[Ljava/util/Set;I)Z @ 128
Event: 51.324 Thread 0x0000000019070000 Uncommon trap: reason=array_check action=maybe_recompile pc=0x0000000003b775c4 method=com.sun.javafx.css.CompoundSelector.applies(Ljavafx/css/Styleable;[Ljava/util/Set;I)Z @ 128
Event: 51.324 Thread 0x0000000019070000 Uncommon trap: reason=array_check action=maybe_recompile pc=0x0000000003b775c4 method=com.sun.javafx.css.CompoundSelector.applies(Ljavafx/css/Styleable;[Ljava/util/Set;I)Z @ 128
Event: 51.412 Thread 0x0000000019070000 Uncommon trap: reason=speculate_class_check action=maybe_recompile pc=0x00000000038dc6d4 method=javafx.scene.Node.updateGeomBounds()V @ 16
Event: 55.573 Thread 0x0000000019070000 Uncommon trap: reason=speculate_class_check action=maybe_recompile pc=0x00000000038dc6d4 method=javafx.scene.Node.updateGeomBounds()V @ 16

Internal exceptions (10 events):
Event: 1.256 Thread 0x0000000019070000 Exception <a 'java/security/PrivilegedActionException'> (0x00000000d63c13b8) thrown at [C:\re\workspace\8-2-build-windows-amd64-cygwin\jdk8u144\9417\hotspot\src\share\vm\prims\jvm.cpp, line 1390]
Event: 1.461 Thread 0x0000000019070000 Exception <a 'java/lang/NullPointerException'> (0x00000000d65d1c00) thrown at [C:\re\workspace\8-2-build-windows-amd64-cygwin\jdk8u144\9417\hotspot\src\share\vm\interpreter\linkResolver.cpp, line 1197]
Event: 1.461 Thread 0x0000000019070000 Exception <a 'java/lang/NullPointerException'> (0x00000000d65d1c00) thrown at [C:\re\workspace\8-2-build-windows-amd64-cygwin\jdk8u144\9417\hotspot\src\share\vm\prims\jvm.cpp, line 1394]
Event: 1.960 Thread 0x0000000019070000 Exception <a 'java/lang/ArrayIndexOutOfBoundsException'> (0x00000000d6b44e88) thrown at [C:\re\workspace\8-2-build-windows-amd64-cygwin\jdk8u144\9417\hotspot\src\share\vm\runtime\sharedRuntime.cpp, line 605]
Event: 1.961 Thread 0x0000000019070000 Exception <a 'java/lang/ArrayIndexOutOfBoundsException'> (0x00000000d6b45b88) thrown at [C:\re\workspace\8-2-build-windows-amd64-cygwin\jdk8u144\9417\hotspot\src\share\vm\runtime\sharedRuntime.cpp, line 605]
Event: 1.962 Thread 0x0000000019070000 Exception <a 'java/lang/ArrayIndexOutOfBoundsException'> (0x00000000d6b46f30) thrown at [C:\re\workspace\8-2-build-windows-amd64-cygwin\jdk8u144\9417\hotspot\src\share\vm\runtime\sharedRuntime.cpp, line 605]
Event: 2.681 Thread 0x0000000019070000 Implicit null exception at 0x00000000032cb575 to 0x00000000032cb785
Event: 2.682 Thread 0x0000000019070000 Implicit null exception at 0x00000000032a5958 to 0x00000000032a59e6
Event: 18.660 Thread 0x0000000019070000 Exception <a 'java/lang/ArrayIndexOutOfBoundsException'> (0x00000000d5e33510) thrown at [C:\re\workspace\8-2-build-windows-amd64-cygwin\jdk8u144\9417\hotspot\src\share\vm\runtime\sharedRuntime.cpp, line 605]
Event: 18.708 Thread 0x0000000019070000 Exception <a 'java/lang/ArrayIndexOutOfBoundsException'> (0x00000000d5ebb410) thrown at [C:\re\workspace\8-2-build-windows-amd64-cygwin\jdk8u144\9417\hotspot\src\share\vm\runtime\sharedRuntime.cpp, line 605]

Events (10 events):
Event: 58.627 Thread 0x000000001791a800 flushing nmethod 0x00000000034db650
Event: 58.627 Thread 0x000000001791a800 flushing nmethod 0x00000000034eaed0
Event: 58.627 Thread 0x000000001791a800 flushing nmethod 0x00000000034eca50
Event: 58.627 Thread 0x000000001791a800 flushing nmethod 0x00000000034ed350
Event: 58.628 Thread 0x000000001791a800 flushing nmethod 0x00000000034f2610
Event: 58.628 Thread 0x000000001791a800 flushing nmethod 0x00000000034fb210
Event: 58.628 Thread 0x000000001791a800 flushing nmethod 0x000000000352e490
Event: 58.628 Thread 0x000000001791a800 flushing nmethod 0x0000000003561a50
Event: 58.670 Executing VM operation: RevokeBias
Event: 58.670 Executing VM operation: RevokeBias done


Dynamic libraries:
0x00007ff6a53a0000 - 0x00007ff6a53d7000 	C:\Program Files\Java\jdk1.8.0_144\jre\bin\java.exe
0x00007ff9d13d0000 - 0x00007ff9d1592000 	C:\Windows\SYSTEM32\ntdll.dll
0x00007ff9cf000000 - 0x00007ff9cf0ad000 	C:\Windows\system32\KERNEL32.DLL
0x00007ff9ce700000 - 0x00007ff9ce8dd000 	C:\Windows\system32\KERNELBASE.dll
0x00007ff9ceb00000 - 0x00007ff9ceba6000 	C:\Windows\system32\ADVAPI32.dll
0x00007ff9d12d0000 - 0x00007ff9d136d000 	C:\Windows\system32\msvcrt.dll
0x00007ff9d1370000 - 0x00007ff9d13cb000 	C:\Windows\system32\sechost.dll
0x00007ff9d07a0000 - 0x00007ff9d08c6000 	C:\Windows\system32\RPCRT4.dll
0x00007ff9d0a50000 - 0x00007ff9d0b9e000 	C:\Windows\system32\USER32.dll
0x00007ff9cebb0000 - 0x00007ff9ced35000 	C:\Windows\system32\GDI32.dll
0x00007ff9c3390000 - 0x00007ff9c3604000 	C:\Windows\WinSxS\amd64_microsoft.windows.common-controls_6595b64144ccf1df_6.0.10240.16384_none_f41f7b285750ef43\COMCTL32.dll
0x00007ff9d0a10000 - 0x00007ff9d0a46000 	C:\Windows\system32\IMM32.DLL
0x00007ff9ceea0000 - 0x00007ff9ceffc000 	C:\Windows\system32\MSCTF.dll
0x0000000050a80000 - 0x0000000050b52000 	C:\Program Files\Java\jdk1.8.0_144\jre\bin\msvcr100.dll
0x0000000050b60000 - 0x00000000513fd000 	C:\Program Files\Java\jdk1.8.0_144\jre\bin\server\jvm.dll
0x00007ff9d0940000 - 0x00007ff9d0948000 	C:\Windows\system32\PSAPI.DLL
0x00007ff9c4230000 - 0x00007ff9c4239000 	C:\Windows\SYSTEM32\WSOCK32.dll
0x00007ff9d08d0000 - 0x00007ff9d0939000 	C:\Windows\system32\WS2_32.dll
0x00007ff9d0720000 - 0x00007ff9d0728000 	C:\Windows\system32\NSI.dll
0x00007ff9c3ef0000 - 0x00007ff9c3f13000 	C:\Windows\SYSTEM32\WINMM.dll
0x00007ff9c4ee0000 - 0x00007ff9c4eea000 	C:\Windows\SYSTEM32\VERSION.dll
0x00007ff9c3ec0000 - 0x00007ff9c3eec000 	C:\Windows\SYSTEM32\WINMMBASE.dll
0x00007ff9ce990000 - 0x00007ff9ce9d4000 	C:\Windows\system32\cfgmgr32.dll
0x00007ff9cc770000 - 0x00007ff9cc797000 	C:\Windows\SYSTEM32\DEVOBJ.dll
0x0000000050a30000 - 0x0000000050a3f000 	C:\Program Files\Java\jdk1.8.0_144\jre\bin\verify.dll
0x0000000050a00000 - 0x0000000050a29000 	C:\Program Files\Java\jdk1.8.0_144\jre\bin\java.dll
0x00000000509e0000 - 0x00000000509f6000 	C:\Program Files\Java\jdk1.8.0_144\jre\bin\zip.dll
0x00007ff9cf0b0000 - 0x00007ff9d05d5000 	C:\Windows\system32\SHELL32.dll
0x00007ff9cdea0000 - 0x00007ff9ce4c8000 	C:\Windows\system32\windows.storage.dll
0x00007ff9d0c20000 - 0x00007ff9d0e9c000 	C:\Windows\system32\combase.dll
0x00007ff9d0bc0000 - 0x00007ff9d0c11000 	C:\Windows\system32\shlwapi.dll
0x00007ff9cde50000 - 0x00007ff9cde5f000 	C:\Windows\system32\kernel.appcore.dll
0x00007ff9ce9e0000 - 0x00007ff9cea93000 	C:\Windows\system32\shcore.dll
0x00007ff9cde00000 - 0x00007ff9cde4a000 	C:\Windows\system32\powrprof.dll
0x00007ff9cde60000 - 0x00007ff9cde73000 	C:\Windows\system32\profapi.dll
0x00007ff9a7c40000 - 0x00007ff9a7d2f000 	C:\Program Files\Java\jdk1.8.0_144\jre\bin\msvcr120.dll
0x00007ff9a7930000 - 0x00007ff9a79d6000 	C:\Program Files\Java\jdk1.8.0_144\jre\bin\msvcp120.dll
0x0000000070af0000 - 0x0000000070b12000 	C:\Program Files\Java\jdk1.8.0_144\jre\bin\prism_d3d.dll
0x00007ff9b12a0000 - 0x00007ff9b14b0000 	C:\Windows\system32\d3d9.dll
0x00007ff9cbe70000 - 0x00007ff9cbe92000 	C:\Windows\SYSTEM32\dwmapi.dll
0x00007ff9cc6d0000 - 0x00007ff9cc766000 	C:\Windows\system32\uxtheme.dll
0x00007ff9b0090000 - 0x00007ff9b06e6000 	C:\Windows\SYSTEM32\igdumd64.dll
0x0000000070aa0000 - 0x0000000070ae3000 	C:\Program Files\Java\jdk1.8.0_144\jre\bin\glass.dll
0x00007ff9d05e0000 - 0x00007ff9d06b8000 	C:\Windows\system32\COMDLG32.dll
0x00007ff9ced50000 - 0x00007ff9cee91000 	C:\Windows\system32\ole32.dll
0x00007ff9d0950000 - 0x00007ff9d0a0e000 	C:\Windows\system32\OLEAUT32.dll
0x00007ff9cdc20000 - 0x00007ff9cdc8b000 	C:\Windows\SYSTEM32\bcryptPrimitives.dll
0x0000000070a80000 - 0x0000000070a94000 	C:\Program Files\Java\jdk1.8.0_144\jre\bin\javafx_font.dll
0x00007ff9c5a10000 - 0x00007ff9c5c69000 	C:\Windows\SYSTEM32\dwrite.dll
0x00007ff9cd670000 - 0x00007ff9cd687000 	C:\Windows\SYSTEM32\CRYPTSP.dll
0x00007ff9cdd30000 - 0x00007ff9cdd58000 	C:\Windows\SYSTEM32\bcrypt.dll
0x00007ff9cd2c0000 - 0x00007ff9cd2f3000 	C:\Windows\system32\rsaenh.dll
0x00007ff9cd3b0000 - 0x00007ff9cd3cf000 	C:\Windows\SYSTEM32\USERENV.dll
0x00007ff9cd7e0000 - 0x00007ff9cd7eb000 	C:\Windows\SYSTEM32\CRYPTBASE.dll
0x00000000509c0000 - 0x00000000509da000 	C:\Program Files\Java\jdk1.8.0_144\jre\bin\net.dll
0x00007ff9cd610000 - 0x00007ff9cd66d000 	C:\Windows\system32\mswsock.dll
0x00007ff9caa80000 - 0x00007ff9caab8000 	C:\Windows\SYSTEM32\IPHLPAPI.DLL
0x00007ff9ca770000 - 0x00007ff9ca77b000 	C:\Windows\SYSTEM32\WINNSI.DLL
0x00007ff9c8760000 - 0x00007ff9c8776000 	C:\Windows\SYSTEM32\dhcpcsvc6.DLL
0x00007ff9c8de0000 - 0x00007ff9c8dfa000 	C:\Windows\SYSTEM32\dhcpcsvc.DLL
0x00000000509a0000 - 0x00000000509b1000 	C:\Program Files\Java\jdk1.8.0_144\jre\bin\nio.dll
0x00007ff9d1220000 - 0x00007ff9d12c5000 	C:\Windows\system32\clbcatq.dll
0x00007ff9cb4c0000 - 0x00007ff9cb672000 	C:\Windows\SYSTEM32\WindowsCodecs.dll
0x00007ff9bf990000 - 0x00007ff9bf9d6000 	C:\Windows\system32\dataexchange.dll
0x00007ff9c8060000 - 0x00007ff9c85a5000 	C:\Windows\system32\d2d1.dll
0x00007ff9cbbc0000 - 0x00007ff9cbe63000 	C:\Windows\system32\d3d11.dll
0x00007ff9cc080000 - 0x00007ff9cc151000 	C:\Windows\system32\dcomp.dll
0x00007ff9cbb20000 - 0x00007ff9cbbbc000 	C:\Windows\system32\dxgi.dll
0x00007ff9cc7c0000 - 0x00007ff9cc8ae000 	C:\Windows\system32\twinapi.appcore.dll
0x00007ff9af670000 - 0x00007ff9af6a4000 	C:\Program Files\Common Files\Microsoft Shared\Ink\rtscom.dll
0x00007ff9b0f30000 - 0x00007ff9b119e000 	C:\Windows\SYSTEM32\D3D10Warp.dll
0x0000000070a60000 - 0x0000000070a71000 	C:\Program Files\Java\jdk1.8.0_144\jre\bin\prism_common.dll

VM Arguments:
jvm_args: -Dfile.encoding=UTF-8 
java_command: Preview.PreviewPreloader
java_class_path (initial): C:\Users\Temitayo\Documents\NetBeansProjects\Keystrokes\dist\Keystrokes.jar;C:\Program Files\Java\jdk1.8.0_144\jre\lib\javaws.jar;C:\Program Files\Java\jdk1.8.0_144\jre\lib\deploy.jar;C:\Program Files\Java\jdk1.8.0_144\jre\lib\plugin.jar;C:\Users\Temitayo\Documents\NetBeansProjects\Keystrokes-Preloader\dist\Keystrokes-Preloader.jar;C:\jfoenix-1.3.0.jar;C:\mysql-connector-java-5.1.42-bin.jar;C:\Users\Temitayo\Downloads\fontawesomefx-glyphsbrowser-all-1.3.jar;C:\Users\Temitayo\Documents\NetBeansProjects\Keystrokes\build\classes;C:\Users\Temitayo\AppData\Roaming\NetBeans\8.2\kotlinc\lib\kotlin-runtime.jar
Launcher Type: SUN_STANDARD

Environment Variables:
PATH=C:\ProgramData\Oracle\Java\javapath;C:\Windows\system32;C:\Windows;C:\Windows\System32\Wbem;C:\Windows\System32\WindowsPowerShell\v1.0\;C:\Program Files (x86)\Brackets\command;C:\Program Files (x86)\Simply Fortran 2\mingw-w64\bin;C:\Program Files (x86)\Simply Fortran 2\mingw-w64\x86_64-w64-mingw32\lib32;C:\Program Files (x86)\Simply Fortran 2\mingw-w64\x86_64-w64-mingw32\lib64;C:\Program Files\Microsoft SQL Server\130\Tools\Binn\;C:\Program Files\dotnet\;C:\Program Files\Git\cmd;C:\Users\Temitayo\AppData\Local\Programs\Python\Python36\Scripts\;C:\Users\Temitayo\AppData\Local\Programs\Python\Python36\;C:\Program Files\Java\jdk1.8.0_144\bin
USERNAME=Temitayo
OS=Windows_NT
PROCESSOR_IDENTIFIER=Intel64 Family 6 Model 23 Stepping 10, GenuineIntel



---------------  S Y S T E M  ---------------

OS: Windows 10.0 , 64 bit Build 10240 (10.0.10240.16384)

CPU:total 2 (initial active 2) (2 cores per cpu, 1 threads per core) family 6 model 23 stepping 10, cmov, cx8, fxsr, mmx, sse, sse2, sse3, ssse3, tsc

Memory: 4k page, physical 8350064k(1763336k free), swap 21234672k(3148k free)

vm_info: Java HotSpot(TM) 64-Bit Server VM (25.144-b01) for windows-amd64 JRE (1.8.0_144-b01), built on Jul 21 2017 21:57:33 by "java_re" with MS VC++ 10.0 (VS2010)

time: Wed Oct 04 06:47:54 2017
elapsed time: 58 seconds (0d 0h 0m 58s)

